<?xml version="1.0" encoding="UTF-8"?>
<testsuite xmlns:xsi="http://www.w3.org/2001/XMLSchema-instance" xsi:noNamespaceSchemaLocation="https://maven.apache.org/surefire/maven-surefire-plugin/xsd/surefire-test-report-3.0.xsd" version="3.0" name="ExerciseManagementTest" time="0.062" tests="5" errors="0" skipped="0" failures="0">
  <properties>
[...]
</properties>
  <testcase name="exerciseCanBeMarkedAsCompleted" classname="ExerciseManagementTest" time="0.005"/>
  <testcase name="addingExerciseGrowsListByOne" classname="ExerciseManagementTest" time="0.0"/>
  <testcase name="addedExerciseIsInList" classname="ExerciseManagementTest" time="0.0"/>
  <testcase name="exerciseListEmptyArBeginning" classname="ExerciseManagementTest" time="0.0"/>
  <testcase name="ifNotMarkedCompletedIsNotCompleted" classname="ExerciseManagementTest" time="0.0"/>
</testsuite>